# JRE version: Java(TM) SE Runtime Environment (11.0.4+10) (build 11.0.4+10-LTS)
# Java VM: Java HotSpot(TM) 64-Bit Server VM (11.0.4+10-LTS, mixed mode, tiered, compressed oops, g1 gc, windows-amd64)
Heap:
 garbage-first heap   total 330752K, used 148479K [0x00000000e0000000, 0x0000000100000000)
  region size 1024K, 42 young (43008K), 6 survivors (6144K)
 Metaspace       used 105511K, capacity 108108K, committed 108260K, reserved 350208K
  class space    used 12641K, capacity 13605K, committed 13644K, reserved 253952K
GC Heap History (10 events):
Event: 81.966 GC heap before
{Heap before GC invocations=105 (full 0):
 garbage-first heap   total 315392K, used 312839K [0x00000000e0000000, 0x0000000100000000)
  region size 1024K, 45 young (46080K), 7 survivors (7168K)
 Metaspace       used 100425K, capacity 102736K, committed 103012K, reserved 344064K
  class space    used 12280K, capacity 13193K, committed 13260K, reserved 253952K
}
Event: 81.975 GC heap after
{Heap after GC invocations=106 (full 0):
 garbage-first heap   total 330752K, used 159621K [0x00000000e0000000, 0x0000000100000000)
  region size 1024K, 8 young (8192K), 8 survivors (8192K)
 Metaspace       used 100425K, capacity 102736K, committed 103012K, reserved 344064K
  class space    used 12280K, capacity 13193K, committed 13260K, reserved 253952K
}
Event: 82.283 GC heap before
{Heap before GC invocations=106 (full 0):
 garbage-first heap   total 330752K, used 182149K [0x00000000e0000000, 0x0000000100000000)
  region size 1024K, 16 young (16384K), 8 survivors (8192K)
 Metaspace       used 100425K, capacity 102736K, committed 103012K, reserved 344064K
  class space    used 12280K, capacity 13193K, committed 13260K, reserved 253952K
}
Event: 82.288 GC heap after
{Heap after GC invocations=107 (full 0):
 garbage-first heap   total 330752K, used 163767K [0x00000000e0000000, 0x0000000100000000)
  region size 1024K, 2 young (2048K), 2 survivors (2048K)
 Metaspace       used 100425K, capacity 102736K, committed 103012K, reserved 344064K
  class space    used 12280K, capacity 13193K, committed 13260K, reserved 253952K
}
Event: 290.382 GC heap before
{Heap before GC invocations=107 (full 0):
 garbage-first heap   total 330752K, used 277431K [0x00000000e0000000, 0x0000000100000000)
  region size 1024K, 78 young (79872K), 2 survivors (2048K)
 Metaspace       used 104996K, capacity 107488K, committed 107748K, reserved 348160K
  class space    used 12613K, capacity 13586K, committed 13644K, reserved 253952K
}
Event: 290.391 GC heap after
{Heap after GC invocations=108 (full 0):
 garbage-first heap   total 330752K, used 194239K [0x00000000e0000000, 0x0000000100000000)
  region size 1024K, 10 young (10240K), 10 survivors (10240K)
 Metaspace       used 104996K, capacity 107488K, committed 107748K, reserved 348160K
  class space    used 12613K, capacity 13586K, committed 13644K, reserved 253952K
}
Event: 291.357 GC heap before
{Heap before GC invocations=108 (full 0):
 garbage-first heap   total 330752K, used 258751K [0x00000000e0000000, 0x0000000100000000)
  region size 1024K, 73 young (74752K), 10 survivors (10240K)
 Metaspace       used 105225K, capacity 107797K, committed 108004K, reserved 350208K
  class space    used 12622K, capacity 13596K, committed 13644K, reserved 253952K
}
Event: 291.367 GC heap after
{Heap after GC invocations=109 (full 0):
 garbage-first heap   total 330752K, used 196590K [0x00000000e0000000, 0x0000000100000000)
  region size 1024K, 3 young (3072K), 3 survivors (3072K)
 Metaspace       used 105225K, capacity 107797K, committed 108004K, reserved 350208K
  class space    used 12622K, capacity 13596K, committed 13644K, reserved 253952K
}
Event: 292.271 GC heap before
{Heap before GC invocations=109 (full 0):
 garbage-first heap   total 330752K, used 263150K [0x00000000e0000000, 0x0000000100000000)
  region size 1024K, 68 young (69632K), 3 survivors (3072K)
 Metaspace       used 105254K, capacity 107864K, committed 108004K, reserved 350208K
  class space    used 12622K, capacity 13596K, committed 13644K, reserved 253952K
}
Event: 292.287 GC heap after
{Heap after GC invocations=110 (full 0):
 garbage-first heap   total 330752K, used 199679K [0x00000000e0000000, 0x0000000100000000)
  region size 1024K, 6 young (6144K), 6 survivors (6144K)
 Metaspace       used 105254K, capacity 107864K, committed 108004K, reserved 350208K
  class space    used 12622K, capacity 13596K, committed 13644K, reserved 253952K
}

